<?xml version="1.0" encoding="UTF-8"?>
<!-- Generated by org.testng.reporters.JUnitXMLReporter -->
<testsuite ignored="0" hostname="Jeffins-MBP" failures="0" tests="14" name="Default test" time="378.042" errors="0" timestamp="2026-01-18T11:33:52 EST">
  <testcase classname="tests.ProductsTests" name="verifyInventoryPageLoads" time="0.066"/>
  <testcase classname="tests.ProductsTests" name="verifyMultipleProductsBadgeCount" time="0.658"/>
  <testcase classname="tests.ProductsTests" name="verifyProductNames" time="0.08"/>
  <testcase classname="tests.ProductsTests" name="verifyProductPrices" time="0.07"/>
  <testcase classname="tests.ProductsTests" name="verifyProductsAppearInCart" time="0.877"/>
  <testcase classname="tests.ProductsTests" name="verifyProductsAreDisplayed" time="0.023"/>
  <testcase classname="tests.ProductsTests" name="verifyRemoveMultipleItemsFromCart" time="1.349"/>
  <testcase classname="tests.ProductsTests" name="verifyRemoveSingleProductFromCart" time="0.769"/>
  <testcase classname="tests.ProductsTests" name="verifySingleProductAppearsInCart" time="0.569"/>
  <testcase classname="tests.ProductsTests" name="verifySingleProductBadgeCount" time="0.247"/>
  <testcase classname="tests.ProductsTests" name="verifySortByNameAToZ" time="0.192"/>
  <testcase classname="tests.ProductsTests" name="verifySortByNameZToA" time="0.37"/>
  <testcase classname="tests.ProductsTests" name="verifySortByPriceHighToLow" time="0.502"/>
  <testcase classname="tests.ProductsTests" name="verifySortByPriceLowToHigh" time="0.37"/>
</testsuite> <!-- Default test -->
