<?xml version="1.0" encoding="UTF-8"?>
<!-- Generated by org.testng.reporters.JUnitReportReporter -->
<testsuite hostname="Jeffins-MBP" failures="0" tests="14" name="tests.ProductsTests" time="377.572" errors="0" timestamp="2026-01-18T11:33:53 EST" skipped="0">
  <testcase classname="tests.ProductsTests" name="verifyRemoveMultipleItemsFromCart" time="30.857"/>
  <testcase classname="tests.ProductsTests" name="verifySingleProductBadgeCount" time="22.729"/>
  <testcase classname="tests.ProductsTests" name="verifyProductsAppearInCart" time="26.889"/>
  <testcase classname="tests.ProductsTests" name="verifyRemoveSingleProductFromCart" time="24.274"/>
  <testcase classname="tests.ProductsTests" name="verifySortByNameAToZ" time="26.522"/>
  <testcase classname="tests.ProductsTests" name="verifyProductNames" time="23.924"/>
  <testcase classname="tests.ProductsTests" name="verifySortByPriceLowToHigh" time="26.200"/>
  <testcase classname="tests.ProductsTests" name="verifyMultipleProductsBadgeCount" time="34.776"/>
  <testcase classname="tests.ProductsTests" name="verifyInventoryPageLoads" time="24.221"/>
  <testcase classname="tests.ProductsTests" name="verifySortByPriceHighToLow" time="26.959"/>
  <testcase classname="tests.ProductsTests" name="verifyProductsAreDisplayed" time="24.841"/>
  <testcase classname="tests.ProductsTests" name="verifyProductPrices" time="25.608"/>
  <testcase classname="tests.ProductsTests" name="verifySortByNameZToA" time="28.091"/>
  <testcase classname="tests.ProductsTests" name="verifySingleProductAppearsInCart" time="31.681"/>
</testsuite> <!-- tests.ProductsTests -->
