<?xml version="1.0" encoding="UTF-8"?>
<!-- Generated by org.testng.reporters.JUnitReportReporter -->
<testsuite hostname="Jeffins-MBP" failures="0" tests="9" name="tests.LoginTests" time="54.007" errors="0" timestamp="2026-01-18T11:26:18 EST" skipped="0">
  <testcase classname="tests.LoginTests" name="verifyLockedOutLogin" time="5.992"/>
  <testcase classname="tests.LoginTests" name="verifyValidLogin" time="9.966"/>
  <testcase classname="tests.LoginTests" name="verifyEmptyUsernameLogin" time="6.243"/>
  <testcase classname="tests.LoginTests" name="verifyInvalidLogin" time="4.754"/>
  <testcase classname="tests.LoginTests" name="verifyValidLogin" time="6.933"/>
  <testcase classname="tests.LoginTests" name="verifyValidLogin" time="4.952"/>
  <testcase classname="tests.LoginTests" name="verifyValidLogin" time="4.741"/>
  <testcase classname="tests.LoginTests" name="verifyValidLogin" time="4.839"/>
  <testcase classname="tests.LoginTests" name="verifyEmptyPasswordLogin" time="5.587"/>
</testsuite> <!-- tests.LoginTests -->
